# JRE version: Java(TM) SE Runtime Environment (8.0_161-b12) (build 1.8.0_161-b12)
# Java VM: Java HotSpot(TM) Client VM (25.161-b12 mixed mode windows-x86 )
Heap:
 def new generation   total 4928K, used 1371K [0x04600000, 0x04b50000, 0x09b50000)
  eden space 4416K,  29% used [0x04600000, 0x04742780, 0x04a50000)
  from space 512K,  16% used [0x04ad0000, 0x04ae4868, 0x04b50000)
  to   space 512K,   0% used [0x04a50000, 0x04a50000, 0x04ad0000)
 tenured generation   total 10944K, used 4266K [0x09b50000, 0x0a600000, 0x14600000)
   the space 10944K,  38% used [0x09b50000, 0x09f7a9f0, 0x09f7aa00, 0x0a600000)
 Metaspace       used 4655K, capacity 4809K, committed 4864K, reserved 5504K
GC Heap History (6 events):
Event: 0.450 GC heap before
{Heap before GC invocations=0 (full 0):
 def new generation   total 4928K, used 4416K [0x04600000, 0x04b50000, 0x09b50000)
  eden space 4416K, 100% used [0x04600000, 0x04a50000, 0x04a50000)
  from space 512K,   0% used [0x04a50000, 0x04a50000, 0x04ad0000)
  to   space 512K,   0% used [0x04ad0000, 0x04ad0000, 0x04b50000)
 tenured generation   total 10944K, used 0K [0x09b50000, 0x0a600000, 0x14600000)
   the space 10944K,   0% used [0x09b50000, 0x09b50000, 0x09b50200, 0x0a600000)
 Metaspace       used 3222K, capacity 3396K, committed 3520K, reserved 4480K
Event: 0.453 GC heap after
Heap after GC invocations=1 (full 0):
 def new generation   total 4928K, used 512K [0x04600000, 0x04b50000, 0x09b50000)
  eden space 4416K,   0% used [0x04600000, 0x04600000, 0x04a50000)
  from space 512K, 100% used [0x04ad0000, 0x04b50000, 0x04b50000)
  to   space 512K,   0% used [0x04a50000, 0x04a50000, 0x04ad0000)
 tenured generation   total 10944K, used 200K [0x09b50000, 0x0a600000, 0x14600000)
   the space 10944K,   1% used [0x09b50000, 0x09b820a8, 0x09b82200, 0x0a600000)
 Metaspace       used 3222K, capacity 3396K, committed 3520K, reserved 4480K
}
Event: 0.705 GC heap before
{Heap before GC invocations=1 (full 0):
 def new generation   total 4928K, used 4908K [0x04600000, 0x04b50000, 0x09b50000)
  eden space 4416K,  99% used [0x04600000, 0x04a4b2c8, 0x04a50000)
  from space 512K, 100% used [0x04ad0000, 0x04b50000, 0x04b50000)
  to   space 512K,   0% used [0x04a50000, 0x04a50000, 0x04ad0000)
 tenured generation   total 10944K, used 200K [0x09b50000, 0x0a600000, 0x14600000)
   the space 10944K,   1% used [0x09b50000, 0x09b820a8, 0x09b82200, 0x0a600000)
 Metaspace       used 4161K, capacity 4329K, committed 4416K, reserved 4480K
Event: 0.708 GC heap after
Heap after GC invocations=2 (full 0):
 def new generation   total 4928K, used 402K [0x04600000, 0x04b50000, 0x09b50000)
  eden space 4416K,   0% used [0x04600000, 0x04600000, 0x04a50000)
  from space 512K,  78% used [0x04a50000, 0x04ab4910, 0x04ad0000)
  to   space 512K,   0% used [0x04ad0000, 0x04ad0000, 0x04b50000)
 tenured generation   total 10944K, used 1755K [0x09b50000, 0x0a600000, 0x14600000)
   the space 10944K,  16% used [0x09b50000, 0x09d06c68, 0x09d06e00, 0x0a600000)
 Metaspace       used 4161K, capacity 4329K, committed 4416K, reserved 4480K
}
Event: 0.753 GC heap before
{Heap before GC invocations=2 (full 0):
 def new generation   total 4928K, used 4295K [0x04600000, 0x04b50000, 0x09b50000)
  eden space 4416K,  88% used [0x04600000, 0x049cd468, 0x04a50000)
  from space 512K,  78% used [0x04a50000, 0x04ab4910, 0x04ad0000)
  to   space 512K,   0% used [0x04ad0000, 0x04ad0000, 0x04b50000)
 tenured generation   total 10944K, used 1755K [0x09b50000, 0x0a600000, 0x14600000)
   the space 10944K,  16% used [0x09b50000, 0x09d06c68, 0x09d06e00, 0x0a600000)
 Metaspace       used 4655K, capacity 4809K, committed 4864K, reserved 5504K
Event: 0.756 GC heap after
Heap after GC invocations=3 (full 0):
 def new generation   total 4928K, used 82K [0x04600000, 0x04b50000, 0x09b50000)
  eden space 4416K,   0% used [0x04600000, 0x04600000, 0x04a50000)
  from space 512K,  16% used [0x04ad0000, 0x04ae4868, 0x04b50000)
  to   space 512K,   0% used [0x04a50000, 0x04a50000, 0x04ad0000)
 tenured generation   total 10944K, used 4266K [0x09b50000, 0x0a600000, 0x14600000)
   the space 10944K,  38% used [0x09b50000, 0x09f7a9f0, 0x09f7aa00, 0x0a600000)
 Metaspace       used 4655K, capacity 4809K, committed 4864K, reserved 5504K
}

